<?xml version="1.0" encoding="UTF-8"?>
<testng-results skipped="0" failed="0" ignored="0" total="1" passed="1">
  <reporter-output>
  </reporter-output>
  <suite name="Suite" duration-ms="70271" started-at="2021-02-27T04:34:09 IST" finished-at="2021-02-27T04:35:19 IST">
    <groups>
    </groups>
    <test name="Test" duration-ms="70271" started-at="2021-02-27T04:34:09 IST" finished-at="2021-02-27T04:35:19 IST">
      <class name="testcases.TC02_AutomationforAddingFieldsintheResult">
        <test-method status="PASS" signature="browsersetup(java.lang.String, java.lang.String)[pri:0, instance:testcases.TC02_AutomationforAddingFieldsintheResult@59906517]" name="browsersetup" is-config="true" duration-ms="10314" started-at="2021-02-27T04:34:09 IST" finished-at="2021-02-27T04:34:19 IST">
          <params>
            <param index="0">
              <value>
                <![CDATA[chrome]]>
              </value>
            </param>
            <param index="1">
              <value>
                <![CDATA[https://login.salesforce.com/]]>
              </value>
            </param>
          </params>
          <reporter-output>
          </reporter-output>
        </test-method> <!-- browsersetup -->
        <test-method status="PASS" signature="AutomationforAddingFieldsintheResult()[pri:0, instance:testcases.TC02_AutomationforAddingFieldsintheResult@59906517]" name="AutomationforAddingFieldsintheResult" duration-ms="59098" started-at="2021-02-27T04:34:19 IST" finished-at="2021-02-27T04:35:19 IST">
          <reporter-output>
          </reporter-output>
        </test-method> <!-- AutomationforAddingFieldsintheResult -->
        <test-method status="PASS" signature="closebrowser()[pri:0, instance:testcases.TC02_AutomationforAddingFieldsintheResult@59906517]" name="closebrowser" is-config="true" duration-ms="811" started-at="2021-02-27T04:35:19 IST" finished-at="2021-02-27T04:35:19 IST">
          <reporter-output>
          </reporter-output>
        </test-method> <!-- closebrowser -->
      </class> <!-- testcases.TC02_AutomationforAddingFieldsintheResult -->
    </test> <!-- Test -->
  </suite> <!-- Suite -->
</testng-results>
