<?xml version="1.0" encoding="UTF-8"?>
<testng-results skipped="0" failed="0" ignored="0" total="1" passed="1">
  <reporter-output>
  </reporter-output>
  <suite name="Default suite" duration-ms="210675" started-at="2021-03-06T01:55:02 IST" finished-at="2021-03-06T01:58:33 IST">
    <groups>
      <group name="cucumber">
        <method signature="AbstractTestNGCucumberTests.runScenario(cucumber.api.testng.PickleEventWrapper, cucumber.api.testng.CucumberFeatureWrapper)[pri:0, instance:week7_cucumber_runner.RunAssessmentTestCase@3dfc5fb8]" name="runScenario" class="cucumber.api.testng.AbstractTestNGCucumberTests"/>
      </group> <!-- cucumber -->
    </groups>
    <test name="Default test" duration-ms="210675" started-at="2021-03-06T01:55:02 IST" finished-at="2021-03-06T01:58:33 IST">
      <class name="week7_cucumber_runner.RunAssessmentTestCase">
        <test-method status="PASS" signature="setUpClass()[pri:0, instance:week7_cucumber_runner.RunAssessmentTestCase@3dfc5fb8]" name="setUpClass" is-config="true" duration-ms="204" started-at="2021-03-06T01:55:02 IST" finished-at="2021-03-06T01:55:02 IST">
          <reporter-output>
          </reporter-output>
        </test-method> <!-- setUpClass -->
        <test-method status="PASS" signature="runScenario(cucumber.api.testng.PickleEventWrapper, cucumber.api.testng.CucumberFeatureWrapper)[pri:0, instance:week7_cucumber_runner.RunAssessmentTestCase@3dfc5fb8]" name="runScenario" duration-ms="210354" started-at="2021-03-06T01:55:02 IST" description="Runs Cucumber Scenarios" data-provider="scenarios" finished-at="2021-03-06T01:58:33 IST">
          <params>
            <param index="0">
              <value>
                <![CDATA["TC01_Creating Reports"]]>
              </value>
            </param>
            <param index="1">
              <value>
                <![CDATA["Creating Reports"]]>
              </value>
            </param>
          </params>
          <reporter-output>
          </reporter-output>
        </test-method> <!-- runScenario -->
        <test-method status="PASS" signature="tearDownClass()[pri:0, instance:week7_cucumber_runner.RunAssessmentTestCase@3dfc5fb8]" name="tearDownClass" is-config="true" duration-ms="8" started-at="2021-03-06T01:58:33 IST" finished-at="2021-03-06T01:58:33 IST">
          <reporter-output>
          </reporter-output>
        </test-method> <!-- tearDownClass -->
      </class> <!-- week7_cucumber_runner.RunAssessmentTestCase -->
    </test> <!-- Default test -->
  </suite> <!-- Default suite -->
</testng-results>
